"2023-12-14 20:41:00,366 INFO  [restartedMain] com.project.StudentManagementApplication:Starting StudentManagementApplication using Java 11.0.19 on Dell-Zafer with PID 4548 (C:\Users\Zafer\Desktop\miniproje\StudentManagement\target\classes started by Zafer in C:\Users\Zafer\Desktop\miniproje\StudentManagement)
""2023-12-14 20:41:00,404 INFO  [restartedMain] com.project.StudentManagementApplication:No active profile set, falling back to 1 default profile: "default"
""2023-12-14 20:41:00,642 INFO  [restartedMain] org.springframework.boot.devtools.env.DevToolsPropertyDefaultsPostProcessor:Devtools property defaults active! Set 'spring.devtools.add-properties' to 'false' to disable
""2023-12-14 20:41:00,648 INFO  [restartedMain] org.springframework.boot.devtools.env.DevToolsPropertyDefaultsPostProcessor:For additional web related logging consider setting the 'logging.level.web' property to 'DEBUG'
""2023-12-14 20:41:03,424 INFO  [restartedMain] org.springframework.data.repository.config.RepositoryConfigurationDelegate:Bootstrapping Spring Data JPA repositories in DEFAULT mode.
""2023-12-14 20:41:03,995 INFO  [restartedMain] org.springframework.data.repository.config.RepositoryConfigurationDelegate:Finished Spring Data repository scanning in 533 ms. Found 3 JPA repository interfaces.
""2023-12-14 20:41:06,925 INFO  [restartedMain] org.springframework.boot.web.embedded.tomcat.TomcatWebServer:Tomcat initialized with port(s): 8080 (http)
""2023-12-14 20:41:06,958 INFO  [restartedMain] org.apache.catalina.core.StandardService:Starting service [Tomcat]
""2023-12-14 20:41:06,960 INFO  [restartedMain] org.apache.catalina.core.StandardEngine:Starting Servlet engine: [Apache Tomcat/9.0.68]
""2023-12-14 20:41:07,340 INFO  [restartedMain] org.apache.catalina.core.ContainerBase.[Tomcat].[localhost].[/]:Initializing Spring embedded WebApplicationContext
""2023-12-14 20:41:07,341 INFO  [restartedMain] org.springframework.boot.web.servlet.context.ServletWebServerApplicationContext:Root WebApplicationContext: initialization completed in 6691 ms
""2023-12-14 20:41:08,121 INFO  [restartedMain] org.hibernate.jpa.internal.util.LogHelper:HHH000204: Processing PersistenceUnitInfo [name: default]
""2023-12-14 20:41:08,333 INFO  [restartedMain] org.hibernate.Version:HHH000412: Hibernate ORM core version 5.6.12.Final
""2023-12-14 20:41:08,797 INFO  [restartedMain] org.hibernate.annotations.common.Version:HCANN000001: Hibernate Commons Annotations {5.1.2.Final}
""2023-12-14 20:41:09,172 INFO  [restartedMain] com.zaxxer.hikari.HikariDataSource:HikariPool-1 - Starting...
""2023-12-14 20:41:09,604 INFO  [restartedMain] com.zaxxer.hikari.HikariDataSource:HikariPool-1 - Start completed.
""2023-12-14 20:41:09,643 INFO  [restartedMain] org.hibernate.dialect.Dialect:HHH000400: Using dialect: org.hibernate.dialect.PostgreSQL81Dialect
""2023-12-14 20:41:11,990 INFO  [restartedMain] org.hibernate.engine.transaction.jta.platform.internal.JtaPlatformInitiator:HHH000490: Using JtaPlatform implementation: [org.hibernate.engine.transaction.jta.platform.internal.NoJtaPlatform]
""2023-12-14 20:41:12,004 INFO  [restartedMain] org.springframework.orm.jpa.LocalContainerEntityManagerFactoryBean:Initialized JPA EntityManagerFactory for persistence unit 'default'
""2023-12-14 20:41:14,077 WARN  [restartedMain] org.springframework.boot.autoconfigure.orm.jpa.JpaBaseConfiguration$JpaWebConfiguration:spring.jpa.open-in-view is enabled by default. Therefore, database queries may be performed during view rendering. Explicitly configure spring.jpa.open-in-view to disable this warning
""2023-12-14 20:41:14,557 INFO  [restartedMain] org.springframework.security.web.DefaultSecurityFilterChain:Will secure any request with [org.springframework.security.web.session.DisableEncodeUrlFilter@730a2f6, org.springframework.security.web.context.request.async.WebAsyncManagerIntegrationFilter@218c4d02, org.springframework.security.web.context.SecurityContextPersistenceFilter@75c4071, org.springframework.security.web.header.HeaderWriterFilter@171d5a1, org.springframework.web.filter.CorsFilter@7fe83349, org.springframework.security.web.authentication.logout.LogoutFilter@15caa384, com.project.security.jwt.AuthTokenFilter@4fdfdba, org.springframework.security.web.savedrequest.RequestCacheAwareFilter@7b91b838, org.springframework.security.web.servletapi.SecurityContextHolderAwareRequestFilter@9b228d5, org.springframework.security.web.authentication.AnonymousAuthenticationFilter@2e7cb3c2, org.springframework.security.web.session.SessionManagementFilter@55f8e392, org.springframework.security.web.access.ExceptionTranslationFilter@2c1605a9, org.springframework.security.web.access.intercept.FilterSecurityInterceptor@cf55df7]
""2023-12-14 20:41:15,031 INFO  [restartedMain] org.springframework.boot.devtools.autoconfigure.OptionalLiveReloadServer:LiveReload server is running on port 35729
""2023-12-14 20:41:15,093 INFO  [restartedMain] org.springframework.boot.web.embedded.tomcat.TomcatWebServer:Tomcat started on port(s): 8080 (http) with context path ''
""2023-12-14 20:41:15,115 INFO  [restartedMain] com.project.StudentManagementApplication:Started StudentManagementApplication in 16.252 seconds (JVM running for 18.411)
""2023-12-14 20:44:15,537 INFO  [http-nio-8080-exec-2] org.apache.catalina.core.ContainerBase.[Tomcat].[localhost].[/]:Initializing Spring DispatcherServlet 'dispatcherServlet'
""2023-12-14 20:49:40,288 ERROR [http-nio-8080-exec-8] com.project.security.jwt.AuthEntryPointJwt:Unauthorized error Full authentication is required to access this resource
""2023-12-14 20:50:43,497 WARN  [http-nio-8080-exec-10] org.springframework.web.servlet.mvc.support.DefaultHandlerExceptionResolver:Resolved [org.springframework.web.HttpMediaTypeNotSupportedException: Content type 'text/plain;charset=UTF-8' not supported]
""2023-12-14 20:51:58,673 WARN  [http-nio-8080-exec-4] org.springframework.web.servlet.mvc.annotation.ResponseStatusExceptionResolver:Resolved [com.project.exception.BadRequestException: You do not have any permission to do this operation]
""2023-12-14 21:02:22,424 WARN  [http-nio-8080-exec-5] org.springframework.web.servlet.mvc.support.DefaultHandlerExceptionResolver:Resolved [org.springframework.web.bind.MethodArgumentNotValidException: Validation failed for argument [0] in public org.springframework.http.ResponseEntity<com.project.payload.response.ResponseMessage<com.project.payload.response.UserResponse>> com.project.controller.UserController.saveUser(com.project.payload.request.user.UserRequest,java.lang.String): [Field error in object 'userRequest' on field 'ssn': rejected value [123-45-6789]; codes [Pattern.userRequest.ssn,Pattern.ssn,Pattern.java.lang.String,Pattern]; arguments [org.springframework.context.support.DefaultMessageSourceResolvable: codes [userRequest.ssn,ssn]; arguments []; default message [ssn],[Ljavax.validation.constraints.Pattern$Flag;@536349b4,^[1-9]{1}[0-9]{9}[02468]{1}$]; default message [Please enter valid SSN number]] ]
""2023-12-14 21:03:36,880 WARN  [http-nio-8080-exec-8] org.springframework.web.servlet.mvc.support.DefaultHandlerExceptionResolver:Resolved [org.springframework.web.HttpMediaTypeNotSupportedException: Content type 'text/plain;charset=UTF-8' not supported]
""2023-12-14 21:03:41,377 WARN  [http-nio-8080-exec-9] org.springframework.web.servlet.mvc.support.DefaultHandlerExceptionResolver:Resolved [org.springframework.web.bind.MethodArgumentNotValidException: Validation failed for argument [0] in public org.springframework.http.ResponseEntity<com.project.payload.response.ResponseMessage<com.project.payload.response.UserResponse>> com.project.controller.UserController.saveUser(com.project.payload.request.user.UserRequest,java.lang.String): [Field error in object 'userRequest' on field 'ssn': rejected value [123-45-6789]; codes [Pattern.userRequest.ssn,Pattern.ssn,Pattern.java.lang.String,Pattern]; arguments [org.springframework.context.support.DefaultMessageSourceResolvable: codes [userRequest.ssn,ssn]; arguments []; default message [ssn],[Ljavax.validation.constraints.Pattern$Flag;@536349b4,^[1-9]{1}[0-9]{9}[02468]{1}$]; default message [Please enter valid SSN number]] ]
""2023-12-14 21:05:52,370 INFO  [SpringApplicationShutdownHook] org.springframework.orm.jpa.LocalContainerEntityManagerFactoryBean:Closing JPA EntityManagerFactory for persistence unit 'default'
""2023-12-14 21:05:52,376 INFO  [SpringApplicationShutdownHook] com.zaxxer.hikari.HikariDataSource:HikariPool-1 - Shutdown initiated...
""2023-12-14 21:05:52,390 INFO  [SpringApplicationShutdownHook] com.zaxxer.hikari.HikariDataSource:HikariPool-1 - Shutdown completed.
""2023-12-14 21:06:02,414 INFO  [restartedMain] com.project.StudentManagementApplication:Starting StudentManagementApplication using Java 11.0.19 on Dell-Zafer with PID 3280 (C:\Users\Zafer\Desktop\miniproje\StudentManagement\target\classes started by Zafer in C:\Users\Zafer\Desktop\miniproje\StudentManagement)
""2023-12-14 21:06:02,417 INFO  [restartedMain] com.project.StudentManagementApplication:No active profile set, falling back to 1 default profile: "default"
""2023-12-14 21:06:02,557 INFO  [restartedMain] org.springframework.boot.devtools.env.DevToolsPropertyDefaultsPostProcessor:Devtools property defaults active! Set 'spring.devtools.add-properties' to 'false' to disable
""2023-12-14 21:06:02,557 INFO  [restartedMain] org.springframework.boot.devtools.env.DevToolsPropertyDefaultsPostProcessor:For additional web related logging consider setting the 'logging.level.web' property to 'DEBUG'
""2023-12-14 21:06:04,390 INFO  [restartedMain] org.springframework.data.repository.config.RepositoryConfigurationDelegate:Bootstrapping Spring Data JPA repositories in DEFAULT mode.
""2023-12-14 21:06:04,567 INFO  [restartedMain] org.springframework.data.repository.config.RepositoryConfigurationDelegate:Finished Spring Data repository scanning in 158 ms. Found 3 JPA repository interfaces.
""2023-12-14 21:06:06,237 INFO  [restartedMain] org.springframework.boot.web.embedded.tomcat.TomcatWebServer:Tomcat initialized with port(s): 8080 (http)
""2023-12-14 21:06:06,261 INFO  [restartedMain] org.apache.catalina.core.StandardService:Starting service [Tomcat]
""2023-12-14 21:06:06,262 INFO  [restartedMain] org.apache.catalina.core.StandardEngine:Starting Servlet engine: [Apache Tomcat/9.0.68]
""2023-12-14 21:06:06,541 INFO  [restartedMain] org.apache.catalina.core.ContainerBase.[Tomcat].[localhost].[/]:Initializing Spring embedded WebApplicationContext
""2023-12-14 21:06:06,544 INFO  [restartedMain] org.springframework.boot.web.servlet.context.ServletWebServerApplicationContext:Root WebApplicationContext: initialization completed in 3986 ms
""2023-12-14 21:06:07,158 INFO  [restartedMain] org.hibernate.jpa.internal.util.LogHelper:HHH000204: Processing PersistenceUnitInfo [name: default]
""2023-12-14 21:06:07,297 INFO  [restartedMain] org.hibernate.Version:HHH000412: Hibernate ORM core version 5.6.12.Final
""2023-12-14 21:06:07,742 INFO  [restartedMain] org.hibernate.annotations.common.Version:HCANN000001: Hibernate Commons Annotations {5.1.2.Final}
""2023-12-14 21:06:07,950 INFO  [restartedMain] com.zaxxer.hikari.HikariDataSource:HikariPool-1 - Starting...
""2023-12-14 21:06:08,344 INFO  [restartedMain] com.zaxxer.hikari.HikariDataSource:HikariPool-1 - Start completed.
""2023-12-14 21:06:08,383 INFO  [restartedMain] org.hibernate.dialect.Dialect:HHH000400: Using dialect: org.hibernate.dialect.PostgreSQL81Dialect
""2023-12-14 21:06:10,541 INFO  [restartedMain] org.hibernate.engine.transaction.jta.platform.internal.JtaPlatformInitiator:HHH000490: Using JtaPlatform implementation: [org.hibernate.engine.transaction.jta.platform.internal.NoJtaPlatform]
""2023-12-14 21:06:10,553 INFO  [restartedMain] org.springframework.orm.jpa.LocalContainerEntityManagerFactoryBean:Initialized JPA EntityManagerFactory for persistence unit 'default'
""2023-12-14 21:06:12,627 WARN  [restartedMain] org.springframework.boot.autoconfigure.orm.jpa.JpaBaseConfiguration$JpaWebConfiguration:spring.jpa.open-in-view is enabled by default. Therefore, database queries may be performed during view rendering. Explicitly configure spring.jpa.open-in-view to disable this warning
""2023-12-14 21:06:13,244 INFO  [restartedMain] org.springframework.security.web.DefaultSecurityFilterChain:Will secure any request with [org.springframework.security.web.session.DisableEncodeUrlFilter@5b4059e3, org.springframework.security.web.context.request.async.WebAsyncManagerIntegrationFilter@1b59f6b5, org.springframework.security.web.context.SecurityContextPersistenceFilter@5d86ec72, org.springframework.security.web.header.HeaderWriterFilter@30722168, org.springframework.web.filter.CorsFilter@590c1353, org.springframework.security.web.authentication.logout.LogoutFilter@e34a4dd, com.project.security.jwt.AuthTokenFilter@7a516ec9, org.springframework.security.web.savedrequest.RequestCacheAwareFilter@5011d083, org.springframework.security.web.servletapi.SecurityContextHolderAwareRequestFilter@2e327b09, org.springframework.security.web.authentication.AnonymousAuthenticationFilter@2e721dfb, org.springframework.security.web.session.SessionManagementFilter@74f9d662, org.springframework.security.web.access.ExceptionTranslationFilter@41fd0afc, org.springframework.security.web.access.intercept.FilterSecurityInterceptor@7bf775d3]
""2023-12-14 21:06:13,803 INFO  [restartedMain] org.springframework.boot.devtools.autoconfigure.OptionalLiveReloadServer:LiveReload server is running on port 35729
""2023-12-14 21:06:13,877 INFO  [restartedMain] org.springframework.boot.web.embedded.tomcat.TomcatWebServer:Tomcat started on port(s): 8080 (http) with context path ''
""2023-12-14 21:06:13,896 INFO  [restartedMain] com.project.StudentManagementApplication:Started StudentManagementApplication in 12.454 seconds (JVM running for 13.535)
""2023-12-14 21:06:14,699 INFO  [http-nio-8080-exec-1] org.apache.catalina.core.ContainerBase.[Tomcat].[localhost].[/]:Initializing Spring DispatcherServlet 'dispatcherServlet'
""2023-12-14 21:06:25,306 WARN  [http-nio-8080-exec-4] org.springframework.web.servlet.mvc.annotation.ResponseStatusExceptionResolver:Resolved [com.project.exception.ConflictException: Error : User with phone number 123-456-7890  is already registered.]
""2023-12-14 21:06:35,078 WARN  [http-nio-8080-exec-5] org.springframework.web.servlet.mvc.annotation.ResponseStatusExceptionResolver:Resolved [com.project.exception.ConflictException: Error : User with email john.doe@example.com  is already registered.]
""2023-12-14 21:10:15,197 WARN  [http-nio-8080-exec-5] org.springframework.web.servlet.mvc.annotation.ResponseStatusExceptionResolver:Resolved [com.project.exception.ResourceNotFoundException: Error : User not found with id : 6]
""2023-12-14 21:33:10,026 INFO  [SpringApplicationShutdownHook] org.springframework.orm.jpa.LocalContainerEntityManagerFactoryBean:Closing JPA EntityManagerFactory for persistence unit 'default'
""2023-12-14 21:33:10,033 INFO  [SpringApplicationShutdownHook] com.zaxxer.hikari.HikariDataSource:HikariPool-1 - Shutdown initiated...
""2023-12-14 21:33:10,063 INFO  [SpringApplicationShutdownHook] com.zaxxer.hikari.HikariDataSource:HikariPool-1 - Shutdown completed.
""2023-12-14 21:33:16,779 INFO  [restartedMain] com.project.StudentManagementApplication:Starting StudentManagementApplication using Java 11.0.19 on Dell-Zafer with PID 13024 (C:\Users\Zafer\Desktop\miniproje\StudentManagement\target\classes started by Zafer in C:\Users\Zafer\Desktop\miniproje\StudentManagement)
""2023-12-14 21:33:16,784 INFO  [restartedMain] com.project.StudentManagementApplication:No active profile set, falling back to 1 default profile: "default"
""2023-12-14 21:33:16,987 INFO  [restartedMain] org.springframework.boot.devtools.env.DevToolsPropertyDefaultsPostProcessor:Devtools property defaults active! Set 'spring.devtools.add-properties' to 'false' to disable
""2023-12-14 21:33:16,987 INFO  [restartedMain] org.springframework.boot.devtools.env.DevToolsPropertyDefaultsPostProcessor:For additional web related logging consider setting the 'logging.level.web' property to 'DEBUG'
""2023-12-14 21:33:18,885 INFO  [restartedMain] org.springframework.data.repository.config.RepositoryConfigurationDelegate:Bootstrapping Spring Data JPA repositories in DEFAULT mode.
""2023-12-14 21:33:19,098 INFO  [restartedMain] org.springframework.data.repository.config.RepositoryConfigurationDelegate:Finished Spring Data repository scanning in 193 ms. Found 3 JPA repository interfaces.
""2023-12-14 21:33:21,067 INFO  [restartedMain] org.springframework.boot.web.embedded.tomcat.TomcatWebServer:Tomcat initialized with port(s): 8080 (http)
""2023-12-14 21:33:21,094 INFO  [restartedMain] org.apache.catalina.core.StandardService:Starting service [Tomcat]
""2023-12-14 21:33:21,095 INFO  [restartedMain] org.apache.catalina.core.StandardEngine:Starting Servlet engine: [Apache Tomcat/9.0.68]
""2023-12-14 21:33:21,288 INFO  [restartedMain] org.apache.catalina.core.ContainerBase.[Tomcat].[localhost].[/]:Initializing Spring embedded WebApplicationContext
""2023-12-14 21:33:21,289 INFO  [restartedMain] org.springframework.boot.web.servlet.context.ServletWebServerApplicationContext:Root WebApplicationContext: initialization completed in 4301 ms
""2023-12-14 21:33:21,712 INFO  [restartedMain] org.hibernate.jpa.internal.util.LogHelper:HHH000204: Processing PersistenceUnitInfo [name: default]
""2023-12-14 21:33:21,822 INFO  [restartedMain] org.hibernate.Version:HHH000412: Hibernate ORM core version 5.6.12.Final
""2023-12-14 21:33:22,232 INFO  [restartedMain] org.hibernate.annotations.common.Version:HCANN000001: Hibernate Commons Annotations {5.1.2.Final}
""2023-12-14 21:33:22,464 INFO  [restartedMain] com.zaxxer.hikari.HikariDataSource:HikariPool-1 - Starting...
""2023-12-14 21:33:22,916 INFO  [restartedMain] com.zaxxer.hikari.HikariDataSource:HikariPool-1 - Start completed.
""2023-12-14 21:33:22,957 INFO  [restartedMain] org.hibernate.dialect.Dialect:HHH000400: Using dialect: org.hibernate.dialect.PostgreSQL81Dialect
""2023-12-14 21:33:25,415 INFO  [restartedMain] org.hibernate.engine.transaction.jta.platform.internal.JtaPlatformInitiator:HHH000490: Using JtaPlatform implementation: [org.hibernate.engine.transaction.jta.platform.internal.NoJtaPlatform]
""2023-12-14 21:33:25,426 INFO  [restartedMain] org.springframework.orm.jpa.LocalContainerEntityManagerFactoryBean:Initialized JPA EntityManagerFactory for persistence unit 'default'
""2023-12-14 21:33:27,809 WARN  [restartedMain] org.springframework.boot.autoconfigure.orm.jpa.JpaBaseConfiguration$JpaWebConfiguration:spring.jpa.open-in-view is enabled by default. Therefore, database queries may be performed during view rendering. Explicitly configure spring.jpa.open-in-view to disable this warning
""2023-12-14 21:33:28,328 INFO  [restartedMain] org.springframework.security.web.DefaultSecurityFilterChain:Will secure any request with [org.springframework.security.web.session.DisableEncodeUrlFilter@14901494, org.springframework.security.web.context.request.async.WebAsyncManagerIntegrationFilter@50d8710d, org.springframework.security.web.context.SecurityContextPersistenceFilter@1c717eff, org.springframework.security.web.header.HeaderWriterFilter@1149d27d, org.springframework.web.filter.CorsFilter@53348ec, org.springframework.security.web.authentication.logout.LogoutFilter@31f8f6a9, com.project.security.jwt.AuthTokenFilter@307bc6f6, org.springframework.security.web.savedrequest.RequestCacheAwareFilter@53306363, org.springframework.security.web.servletapi.SecurityContextHolderAwareRequestFilter@771275d3, org.springframework.security.web.authentication.AnonymousAuthenticationFilter@31f59df5, org.springframework.security.web.session.SessionManagementFilter@5ceb6e2b, org.springframework.security.web.access.ExceptionTranslationFilter@7b614f31, org.springframework.security.web.access.intercept.FilterSecurityInterceptor@5f537bf0]
""2023-12-14 21:33:29,285 INFO  [restartedMain] org.springframework.boot.devtools.autoconfigure.OptionalLiveReloadServer:LiveReload server is running on port 35729
""2023-12-14 21:33:29,375 INFO  [restartedMain] org.springframework.boot.web.embedded.tomcat.TomcatWebServer:Tomcat started on port(s): 8080 (http) with context path ''
""2023-12-14 21:33:29,418 INFO  [restartedMain] com.project.StudentManagementApplication:Started StudentManagementApplication in 13.667 seconds (JVM running for 14.761)
""2023-12-14 21:36:19,649 INFO  [http-nio-8080-exec-1] org.apache.catalina.core.ContainerBase.[Tomcat].[localhost].[/]:Initializing Spring DispatcherServlet 'dispatcherServlet'
""2023-12-14 21:46:22,209 INFO  [SpringApplicationShutdownHook] org.springframework.orm.jpa.LocalContainerEntityManagerFactoryBean:Closing JPA EntityManagerFactory for persistence unit 'default'
""2023-12-14 21:46:22,214 INFO  [SpringApplicationShutdownHook] com.zaxxer.hikari.HikariDataSource:HikariPool-1 - Shutdown initiated...
""2023-12-14 21:46:22,234 INFO  [SpringApplicationShutdownHook] com.zaxxer.hikari.HikariDataSource:HikariPool-1 - Shutdown completed.
""2023-12-14 22:29:06,730 INFO  [restartedMain] com.project.StudentManagementApplication:Starting StudentManagementApplication using Java 11.0.19 on Dell-Zafer with PID 10652 (C:\Users\Zafer\Desktop\miniproje\StudentManagement\target\classes started by Zafer in C:\Users\Zafer\Desktop\miniproje\StudentManagement)
""2023-12-14 22:29:06,734 INFO  [restartedMain] com.project.StudentManagementApplication:No active profile set, falling back to 1 default profile: "default"
""2023-12-14 22:29:06,888 INFO  [restartedMain] org.springframework.boot.devtools.env.DevToolsPropertyDefaultsPostProcessor:Devtools property defaults active! Set 'spring.devtools.add-properties' to 'false' to disable
""2023-12-14 22:29:06,888 INFO  [restartedMain] org.springframework.boot.devtools.env.DevToolsPropertyDefaultsPostProcessor:For additional web related logging consider setting the 'logging.level.web' property to 'DEBUG'
""2023-12-14 22:29:08,770 INFO  [restartedMain] org.springframework.data.repository.config.RepositoryConfigurationDelegate:Bootstrapping Spring Data JPA repositories in DEFAULT mode.
""2023-12-14 22:29:08,930 INFO  [restartedMain] org.springframework.data.repository.config.RepositoryConfigurationDelegate:Finished Spring Data repository scanning in 145 ms. Found 3 JPA repository interfaces.
""2023-12-14 22:29:10,633 INFO  [restartedMain] org.springframework.boot.web.embedded.tomcat.TomcatWebServer:Tomcat initialized with port(s): 8080 (http)
""2023-12-14 22:29:10,654 INFO  [restartedMain] org.apache.catalina.core.StandardService:Starting service [Tomcat]
""2023-12-14 22:29:10,655 INFO  [restartedMain] org.apache.catalina.core.StandardEngine:Starting Servlet engine: [Apache Tomcat/9.0.68]
""2023-12-14 22:29:10,814 INFO  [restartedMain] org.apache.catalina.core.ContainerBase.[Tomcat].[localhost].[/]:Initializing Spring embedded WebApplicationContext
""2023-12-14 22:29:10,815 INFO  [restartedMain] org.springframework.boot.web.servlet.context.ServletWebServerApplicationContext:Root WebApplicationContext: initialization completed in 3926 ms
""2023-12-14 22:29:11,191 INFO  [restartedMain] org.hibernate.jpa.internal.util.LogHelper:HHH000204: Processing PersistenceUnitInfo [name: default]
""2023-12-14 22:29:11,289 INFO  [restartedMain] org.hibernate.Version:HHH000412: Hibernate ORM core version 5.6.12.Final
""2023-12-14 22:29:11,658 INFO  [restartedMain] org.hibernate.annotations.common.Version:HCANN000001: Hibernate Commons Annotations {5.1.2.Final}
""2023-12-14 22:29:11,885 INFO  [restartedMain] com.zaxxer.hikari.HikariDataSource:HikariPool-1 - Starting...
""2023-12-14 22:29:12,299 INFO  [restartedMain] com.zaxxer.hikari.HikariDataSource:HikariPool-1 - Start completed.
""2023-12-14 22:29:12,331 INFO  [restartedMain] org.hibernate.dialect.Dialect:HHH000400: Using dialect: org.hibernate.dialect.PostgreSQL81Dialect
""2023-12-14 22:29:14,488 INFO  [restartedMain] org.hibernate.engine.transaction.jta.platform.internal.JtaPlatformInitiator:HHH000490: Using JtaPlatform implementation: [org.hibernate.engine.transaction.jta.platform.internal.NoJtaPlatform]
""2023-12-14 22:29:14,500 INFO  [restartedMain] org.springframework.orm.jpa.LocalContainerEntityManagerFactoryBean:Initialized JPA EntityManagerFactory for persistence unit 'default'
""2023-12-14 22:29:16,377 WARN  [restartedMain] org.springframework.boot.autoconfigure.orm.jpa.JpaBaseConfiguration$JpaWebConfiguration:spring.jpa.open-in-view is enabled by default. Therefore, database queries may be performed during view rendering. Explicitly configure spring.jpa.open-in-view to disable this warning
""2023-12-14 22:29:16,753 INFO  [restartedMain] org.springframework.security.web.DefaultSecurityFilterChain:Will secure any request with [org.springframework.security.web.session.DisableEncodeUrlFilter@1f834fb7, org.springframework.security.web.context.request.async.WebAsyncManagerIntegrationFilter@44f35d96, org.springframework.security.web.context.SecurityContextPersistenceFilter@1bfdb2f6, org.springframework.security.web.header.HeaderWriterFilter@6eeae836, org.springframework.web.filter.CorsFilter@15871fad, org.springframework.security.web.authentication.logout.LogoutFilter@1de253dc, com.project.security.jwt.AuthTokenFilter@27a4a932, org.springframework.security.web.savedrequest.RequestCacheAwareFilter@1e5b4f8d, org.springframework.security.web.servletapi.SecurityContextHolderAwareRequestFilter@58a4534f, org.springframework.security.web.authentication.AnonymousAuthenticationFilter@623f1097, org.springframework.security.web.session.SessionManagementFilter@6981dd66, org.springframework.security.web.access.ExceptionTranslationFilter@63d3c789, org.springframework.security.web.access.intercept.FilterSecurityInterceptor@383c62eb]
""2023-12-14 22:29:17,177 INFO  [restartedMain] org.springframework.boot.devtools.autoconfigure.OptionalLiveReloadServer:LiveReload server is running on port 35729
""2023-12-14 22:29:17,241 INFO  [restartedMain] org.springframework.boot.web.embedded.tomcat.TomcatWebServer:Tomcat started on port(s): 8080 (http) with context path ''
""2023-12-14 22:29:17,258 INFO  [restartedMain] com.project.StudentManagementApplication:Started StudentManagementApplication in 11.562 seconds (JVM running for 12.797)
""2023-12-14 22:29:22,501 INFO  [http-nio-8080-exec-1] org.apache.catalina.core.ContainerBase.[Tomcat].[localhost].[/]:Initializing Spring DispatcherServlet 'dispatcherServlet'
""2023-12-14 22:30:02,187 WARN  [http-nio-8080-exec-3] org.springframework.web.servlet.mvc.annotation.ResponseStatusExceptionResolver:Resolved [com.project.exception.ResourceNotFoundException: Error : User not found with id : 6]
""2023-12-14 22:30:48,893 ERROR [http-nio-8080-exec-7] com.project.security.jwt.AuthEntryPointJwt:Unauthorized error Full authentication is required to access this resource
""2023-12-14 23:13:49,820 ERROR [http-nio-8080-exec-2] com.project.security.jwt.JwtUtils:Jwt token is expired : JWT expired at 2023-12-14T23:08:16Z. Current time: 2023-12-14T23:13:49Z, a difference of 333819 milliseconds.  Allowed clock skew: 0 milliseconds.
""2023-12-14 23:13:49,822 ERROR [http-nio-8080-exec-2] com.project.security.jwt.AuthEntryPointJwt:Unauthorized error Full authentication is required to access this resource
""2023-12-14 23:14:11,493 ERROR [http-nio-8080-exec-1] com.project.security.jwt.AuthEntryPointJwt:Unauthorized error Bad credentials
""2023-12-14 23:16:11,398 ERROR [http-nio-8080-exec-7] com.project.security.jwt.JwtUtils:Jwt token is expired : JWT expired at 2023-12-14T23:08:16Z. Current time: 2023-12-14T23:16:11Z, a difference of 475398 milliseconds.  Allowed clock skew: 0 milliseconds.
""2023-12-14 23:16:11,399 ERROR [http-nio-8080-exec-7] com.project.security.jwt.AuthEntryPointJwt:Unauthorized error Full authentication is required to access this resource
""2023-12-14 23:18:21,085 INFO  [SpringApplicationShutdownHook] org.springframework.orm.jpa.LocalContainerEntityManagerFactoryBean:Closing JPA EntityManagerFactory for persistence unit 'default'
""2023-12-14 23:18:21,092 INFO  [SpringApplicationShutdownHook] com.zaxxer.hikari.HikariDataSource:HikariPool-1 - Shutdown initiated...
""2023-12-14 23:18:21,114 INFO  [SpringApplicationShutdownHook] com.zaxxer.hikari.HikariDataSource:HikariPool-1 - Shutdown completed.
""2023-12-14 23:18:28,947 INFO  [restartedMain] com.project.StudentManagementApplication:Starting StudentManagementApplication using Java 11.0.19 on Dell-Zafer with PID 11676 (C:\Users\Zafer\Desktop\miniproje\StudentManagement\target\classes started by Zafer in C:\Users\Zafer\Desktop\miniproje\StudentManagement)
""2023-12-14 23:18:28,950 INFO  [restartedMain] com.project.StudentManagementApplication:No active profile set, falling back to 1 default profile: "default"
""2023-12-14 23:18:29,086 INFO  [restartedMain] org.springframework.boot.devtools.env.DevToolsPropertyDefaultsPostProcessor:Devtools property defaults active! Set 'spring.devtools.add-properties' to 'false' to disable
""2023-12-14 23:18:29,087 INFO  [restartedMain] org.springframework.boot.devtools.env.DevToolsPropertyDefaultsPostProcessor:For additional web related logging consider setting the 'logging.level.web' property to 'DEBUG'
""2023-12-14 23:18:30,663 INFO  [restartedMain] org.springframework.data.repository.config.RepositoryConfigurationDelegate:Bootstrapping Spring Data JPA repositories in DEFAULT mode.
""2023-12-14 23:18:30,837 INFO  [restartedMain] org.springframework.data.repository.config.RepositoryConfigurationDelegate:Finished Spring Data repository scanning in 159 ms. Found 3 JPA repository interfaces.
""2023-12-14 23:18:32,530 INFO  [restartedMain] org.springframework.boot.web.embedded.tomcat.TomcatWebServer:Tomcat initialized with port(s): 8080 (http)
""2023-12-14 23:18:32,549 INFO  [restartedMain] org.apache.catalina.core.StandardService:Starting service [Tomcat]
""2023-12-14 23:18:32,550 INFO  [restartedMain] org.apache.catalina.core.StandardEngine:Starting Servlet engine: [Apache Tomcat/9.0.68]
""2023-12-14 23:18:32,703 INFO  [restartedMain] org.apache.catalina.core.ContainerBase.[Tomcat].[localhost].[/]:Initializing Spring embedded WebApplicationContext
""2023-12-14 23:18:32,704 INFO  [restartedMain] org.springframework.boot.web.servlet.context.ServletWebServerApplicationContext:Root WebApplicationContext: initialization completed in 3615 ms
""2023-12-14 23:18:33,073 INFO  [restartedMain] org.hibernate.jpa.internal.util.LogHelper:HHH000204: Processing PersistenceUnitInfo [name: default]
""2023-12-14 23:18:33,161 INFO  [restartedMain] org.hibernate.Version:HHH000412: Hibernate ORM core version 5.6.12.Final
""2023-12-14 23:18:33,479 INFO  [restartedMain] org.hibernate.annotations.common.Version:HCANN000001: Hibernate Commons Annotations {5.1.2.Final}
""2023-12-14 23:18:33,637 INFO  [restartedMain] com.zaxxer.hikari.HikariDataSource:HikariPool-1 - Starting...
""2023-12-14 23:18:33,986 INFO  [restartedMain] com.zaxxer.hikari.HikariDataSource:HikariPool-1 - Start completed.
""2023-12-14 23:18:34,021 INFO  [restartedMain] org.hibernate.dialect.Dialect:HHH000400: Using dialect: org.hibernate.dialect.PostgreSQL81Dialect
""2023-12-14 23:18:35,894 INFO  [restartedMain] org.hibernate.engine.transaction.jta.platform.internal.JtaPlatformInitiator:HHH000490: Using JtaPlatform implementation: [org.hibernate.engine.transaction.jta.platform.internal.NoJtaPlatform]
""2023-12-14 23:18:35,905 INFO  [restartedMain] org.springframework.orm.jpa.LocalContainerEntityManagerFactoryBean:Initialized JPA EntityManagerFactory for persistence unit 'default'
""2023-12-14 23:18:37,588 WARN  [restartedMain] org.springframework.boot.autoconfigure.orm.jpa.JpaBaseConfiguration$JpaWebConfiguration:spring.jpa.open-in-view is enabled by default. Therefore, database queries may be performed during view rendering. Explicitly configure spring.jpa.open-in-view to disable this warning
""2023-12-14 23:18:37,949 INFO  [restartedMain] org.springframework.security.web.DefaultSecurityFilterChain:Will secure any request with [org.springframework.security.web.session.DisableEncodeUrlFilter@11b5b8df, org.springframework.security.web.context.request.async.WebAsyncManagerIntegrationFilter@645e4c73, org.springframework.security.web.context.SecurityContextPersistenceFilter@37ebb8e9, org.springframework.security.web.header.HeaderWriterFilter@8b3b027, org.springframework.web.filter.CorsFilter@12592c5f, org.springframework.security.web.authentication.logout.LogoutFilter@43c29f51, com.project.security.jwt.AuthTokenFilter@622b0022, org.springframework.security.web.savedrequest.RequestCacheAwareFilter@73837387, org.springframework.security.web.servletapi.SecurityContextHolderAwareRequestFilter@583a2366, org.springframework.security.web.authentication.AnonymousAuthenticationFilter@1afd64d, org.springframework.security.web.session.SessionManagementFilter@17a7d3b7, org.springframework.security.web.access.ExceptionTranslationFilter@52b4acc8, org.springframework.security.web.access.intercept.FilterSecurityInterceptor@1a5de862]
""2023-12-14 23:18:38,349 INFO  [restartedMain] org.springframework.boot.devtools.autoconfigure.OptionalLiveReloadServer:LiveReload server is running on port 35729
""2023-12-14 23:18:38,404 INFO  [restartedMain] org.springframework.boot.web.embedded.tomcat.TomcatWebServer:Tomcat started on port(s): 8080 (http) with context path ''
""2023-12-14 23:18:38,424 INFO  [restartedMain] com.project.StudentManagementApplication:Started StudentManagementApplication in 10.355 seconds (JVM running for 11.274)
""2023-12-14 23:19:43,460 INFO  [http-nio-8080-exec-1] org.apache.catalina.core.ContainerBase.[Tomcat].[localhost].[/]:Initializing Spring DispatcherServlet 'dispatcherServlet'
""2023-12-14 23:19:47,889 INFO  [SpringApplicationShutdownHook] org.springframework.orm.jpa.LocalContainerEntityManagerFactoryBean:Closing JPA EntityManagerFactory for persistence unit 'default'
""2023-12-14 23:19:47,894 INFO  [SpringApplicationShutdownHook] com.zaxxer.hikari.HikariDataSource:HikariPool-1 - Shutdown initiated...
""2023-12-14 23:19:47,910 INFO  [SpringApplicationShutdownHook] com.zaxxer.hikari.HikariDataSource:HikariPool-1 - Shutdown completed.
""2023-12-14 23:19:52,735 INFO  [restartedMain] com.project.StudentManagementApplication:Starting StudentManagementApplication using Java 11.0.19 on Dell-Zafer with PID 10244 (C:\Users\Zafer\Desktop\miniproje\StudentManagement\target\classes started by Zafer in C:\Users\Zafer\Desktop\miniproje\StudentManagement)
""2023-12-14 23:19:52,737 INFO  [restartedMain] com.project.StudentManagementApplication:No active profile set, falling back to 1 default profile: "default"
""2023-12-14 23:19:52,891 INFO  [restartedMain] org.springframework.boot.devtools.env.DevToolsPropertyDefaultsPostProcessor:Devtools property defaults active! Set 'spring.devtools.add-properties' to 'false' to disable
""2023-12-14 23:19:52,891 INFO  [restartedMain] org.springframework.boot.devtools.env.DevToolsPropertyDefaultsPostProcessor:For additional web related logging consider setting the 'logging.level.web' property to 'DEBUG'
""2023-12-14 23:19:54,463 INFO  [restartedMain] org.springframework.data.repository.config.RepositoryConfigurationDelegate:Bootstrapping Spring Data JPA repositories in DEFAULT mode.
""2023-12-14 23:19:54,646 INFO  [restartedMain] org.springframework.data.repository.config.RepositoryConfigurationDelegate:Finished Spring Data repository scanning in 165 ms. Found 3 JPA repository interfaces.
""2023-12-14 23:19:56,213 INFO  [restartedMain] org.springframework.boot.web.embedded.tomcat.TomcatWebServer:Tomcat initialized with port(s): 8080 (http)
""2023-12-14 23:19:56,239 INFO  [restartedMain] org.apache.catalina.core.StandardService:Starting service [Tomcat]
""2023-12-14 23:19:56,240 INFO  [restartedMain] org.apache.catalina.core.StandardEngine:Starting Servlet engine: [Apache Tomcat/9.0.68]
""2023-12-14 23:19:56,512 INFO  [restartedMain] org.apache.catalina.core.ContainerBase.[Tomcat].[localhost].[/]:Initializing Spring embedded WebApplicationContext
""2023-12-14 23:19:56,513 INFO  [restartedMain] org.springframework.boot.web.servlet.context.ServletWebServerApplicationContext:Root WebApplicationContext: initialization completed in 3621 ms
""2023-12-14 23:19:56,956 INFO  [restartedMain] org.hibernate.jpa.internal.util.LogHelper:HHH000204: Processing PersistenceUnitInfo [name: default]
""2023-12-14 23:19:57,044 INFO  [restartedMain] org.hibernate.Version:HHH000412: Hibernate ORM core version 5.6.12.Final
""2023-12-14 23:19:57,381 INFO  [restartedMain] org.hibernate.annotations.common.Version:HCANN000001: Hibernate Commons Annotations {5.1.2.Final}
""2023-12-14 23:19:57,551 INFO  [restartedMain] com.zaxxer.hikari.HikariDataSource:HikariPool-1 - Starting...
""2023-12-14 23:19:57,895 INFO  [restartedMain] com.zaxxer.hikari.HikariDataSource:HikariPool-1 - Start completed.
""2023-12-14 23:19:57,926 INFO  [restartedMain] org.hibernate.dialect.Dialect:HHH000400: Using dialect: org.hibernate.dialect.PostgreSQL81Dialect
""2023-12-14 23:20:00,069 INFO  [restartedMain] org.hibernate.engine.transaction.jta.platform.internal.JtaPlatformInitiator:HHH000490: Using JtaPlatform implementation: [org.hibernate.engine.transaction.jta.platform.internal.NoJtaPlatform]
""2023-12-14 23:20:00,082 INFO  [restartedMain] org.springframework.orm.jpa.LocalContainerEntityManagerFactoryBean:Initialized JPA EntityManagerFactory for persistence unit 'default'
""2023-12-14 23:20:01,798 WARN  [restartedMain] org.springframework.boot.autoconfigure.orm.jpa.JpaBaseConfiguration$JpaWebConfiguration:spring.jpa.open-in-view is enabled by default. Therefore, database queries may be performed during view rendering. Explicitly configure spring.jpa.open-in-view to disable this warning
""2023-12-14 23:20:02,196 INFO  [restartedMain] org.springframework.security.web.DefaultSecurityFilterChain:Will secure any request with [org.springframework.security.web.session.DisableEncodeUrlFilter@4edc3ded, org.springframework.security.web.context.request.async.WebAsyncManagerIntegrationFilter@2f6a7efd, org.springframework.security.web.context.SecurityContextPersistenceFilter@77169a77, org.springframework.security.web.header.HeaderWriterFilter@15c607f3, org.springframework.web.filter.CorsFilter@562a5671, org.springframework.security.web.authentication.logout.LogoutFilter@2c980940, com.project.security.jwt.AuthTokenFilter@687fb5ea, org.springframework.security.web.savedrequest.RequestCacheAwareFilter@4b48c7f0, org.springframework.security.web.servletapi.SecurityContextHolderAwareRequestFilter@2a40f0ef, org.springframework.security.web.authentication.AnonymousAuthenticationFilter@3753802f, org.springframework.security.web.session.SessionManagementFilter@27dd63df, org.springframework.security.web.access.ExceptionTranslationFilter@70799fdf, org.springframework.security.web.access.intercept.FilterSecurityInterceptor@28b93dc6]
""2023-12-14 23:20:02,609 INFO  [restartedMain] org.springframework.boot.devtools.autoconfigure.OptionalLiveReloadServer:LiveReload server is running on port 35729
""2023-12-14 23:20:02,669 INFO  [restartedMain] org.springframework.boot.web.embedded.tomcat.TomcatWebServer:Tomcat started on port(s): 8080 (http) with context path ''
""2023-12-14 23:20:02,685 INFO  [restartedMain] com.project.StudentManagementApplication:Started StudentManagementApplication in 10.797 seconds (JVM running for 11.898)
""2023-12-14 23:20:06,591 INFO  [http-nio-8080-exec-1] org.apache.catalina.core.ContainerBase.[Tomcat].[localhost].[/]:Initializing Spring DispatcherServlet 'dispatcherServlet'
""2023-12-14 23:26:15,735 INFO  [SpringApplicationShutdownHook] org.springframework.orm.jpa.LocalContainerEntityManagerFactoryBean:Closing JPA EntityManagerFactory for persistence unit 'default'
""2023-12-14 23:26:15,741 INFO  [SpringApplicationShutdownHook] com.zaxxer.hikari.HikariDataSource:HikariPool-1 - Shutdown initiated...
""2023-12-14 23:26:15,773 INFO  [SpringApplicationShutdownHook] com.zaxxer.hikari.HikariDataSource:HikariPool-1 - Shutdown completed.
"